<?xml version="1.0" encoding="UTF-8"?>
<!-- Generated by org.testng.reporters.JUnitXMLReporter -->
<testsuite hostname="DESKTOP-LE9U86J" name="Test" tests="5" failures="0" timestamp="26 Mar 2020 12:09:23 GMT" time="164.092" errors="0">
  <testcase name="m2" time="0.1" classname="com.alsis.App1"/>
  <testcase name="m1" time="0.032" classname="com.alsis.App"/>
  <testcase name="m3" time="0.025" classname="com.alsis.App2"/>
  <testcase name="testLinksCount" time="2.628" classname="com.alsis.HomepageTest"/>
  <testcase name="testLinksSeq" time="6.29" classname="com.alsis.HomepageTest"/>
</testsuite> <!-- Test -->
