<?xml version="1.0" encoding="UTF-8"?>
<!-- Generated by org.testng.reporters.JUnitXMLReporter -->
<testsuite hostname="DESKTOP-LE9U86J" name="Test" tests="13" failures="0" timestamp="10 Aug 2020 16:58:37 GMT" time="658.494" errors="0">
  <testcase name="testLinksSeq" time="3.187" classname="com.alsis.HomepageTest"/>
  <testcase name="testLinkSpellings" time="1.978" classname="com.alsis.HomepageTest"/>
  <testcase name="testLinkSpellings" time="2.29" classname="com.alsis.HomepageTest"/>
  <testcase name="testLinkSpellings" time="1.864" classname="com.alsis.HomepageTest"/>
  <testcase name="testLinkSpellings" time="2.311" classname="com.alsis.HomepageTest"/>
  <testcase name="testLinkSpellings" time="2.434" classname="com.alsis.HomepageTest"/>
  <testcase name="testLinkSpellings" time="2.165" classname="com.alsis.HomepageTest"/>
  <testcase name="testLinkSpellings" time="2.326" classname="com.alsis.HomepageTest"/>
  <testcase name="testLinkSpellings" time="1.772" classname="com.alsis.HomepageTest"/>
  <testcase name="testLinkSpellings" time="1.777" classname="com.alsis.HomepageTest"/>
  <testcase name="testLinkSpellings" time="1.911" classname="com.alsis.HomepageTest"/>
  <testcase name="testLinkSpellings" time="2.212" classname="com.alsis.HomepageTest"/>
  <testcase name="testLinkSpellings" time="3.903" classname="com.alsis.HomepageTest"/>
</testsuite> <!-- Test -->
