<?xml version="1.0" encoding="UTF-8"?>
<testng-results skipped="0" failed="0" total="1" passed="1">
  <reporter-output>
  </reporter-output>
  <suite name="Default suite" duration-ms="35159" started-at="2020-08-11T01:25:33Z" finished-at="2020-08-11T01:26:08Z">
    <groups>
    </groups>
    <test name="Default test" duration-ms="35159" started-at="2020-08-11T01:25:33Z" finished-at="2020-08-11T01:26:08Z">
      <class name="com.alsis.HomepageTest">
        <test-method status="PASS" signature="loadProperties()[pri:0, instance:com.alsis.HomepageTest@df4efb]" name="loadProperties" is-config="true" duration-ms="109" started-at="2020-08-11T06:55:33Z" finished-at="2020-08-11T06:55:33Z">
          <reporter-output>
          </reporter-output>
        </test-method> <!-- loadProperties -->
        <test-method status="PASS" signature="initialiseExtentReport()[pri:0, instance:com.alsis.HomepageTest@df4efb]" name="initialiseExtentReport" is-config="true" duration-ms="224" started-at="2020-08-11T06:55:33Z" depends-on-methods="com.alsis.base.Base.loadProperties" finished-at="2020-08-11T06:55:33Z">
          <reporter-output>
          </reporter-output>
        </test-method> <!-- initialiseExtentReport -->
        <test-method status="PASS" signature="parentSetup()[pri:0, instance:com.alsis.HomepageTest@df4efb]" name="parentSetup" is-config="true" duration-ms="6" started-at="2020-08-11T06:55:33Z" finished-at="2020-08-11T06:55:33Z">
          <reporter-output>
          </reporter-output>
        </test-method> <!-- parentSetup -->
        <test-method status="PASS" signature="openBrowser(java.lang.reflect.Method)[pri:0, instance:com.alsis.HomepageTest@df4efb]" name="openBrowser" is-config="true" duration-ms="27026" started-at="2020-08-11T06:55:33Z" finished-at="2020-08-11T06:56:00Z">
          <params>
            <param index="0">
              <value>
                <![CDATA[public void com.alsis.HomepageTest.VerifySearchBoxClickable()]]>
              </value>
            </param>
          </params>
          <reporter-output>
          </reporter-output>
        </test-method> <!-- openBrowser -->
        <test-method status="PASS" signature="loadMenuForTesting()[pri:0, instance:com.alsis.HomepageTest@df4efb]" name="loadMenuForTesting" is-config="true" duration-ms="3143" started-at="2020-08-11T06:56:00Z" finished-at="2020-08-11T06:56:03Z">
          <reporter-output>
          </reporter-output>
        </test-method> <!-- loadMenuForTesting -->
        <test-method status="PASS" signature="VerifySearchBoxClickable()[pri:0, instance:com.alsis.HomepageTest@df4efb]" name="VerifySearchBoxClickable" duration-ms="256" started-at="2020-08-11T06:56:03Z" finished-at="2020-08-11T06:56:04Z">
          <reporter-output>
          </reporter-output>
        </test-method> <!-- VerifySearchBoxClickable -->
        <test-method status="PASS" signature="closeBrowser()[pri:0, instance:com.alsis.HomepageTest@df4efb]" name="closeBrowser" is-config="true" duration-ms="4713" started-at="2020-08-11T06:56:04Z" finished-at="2020-08-11T06:56:08Z">
          <reporter-output>
          </reporter-output>
        </test-method> <!-- closeBrowser -->
        <test-method status="PASS" signature="endReport()[pri:0, instance:com.alsis.HomepageTest@df4efb]" name="endReport" is-config="true" duration-ms="530" started-at="2020-08-11T06:56:08Z" finished-at="2020-08-11T06:56:09Z">
          <reporter-output>
          </reporter-output>
        </test-method> <!-- endReport -->
      </class> <!-- com.alsis.HomepageTest -->
    </test> <!-- Default test -->
  </suite> <!-- Default suite -->
</testng-results>
